  VisualGDB: Run "cmd.exe /c "C:\SysGCC\arm-eabi\bin\make.exe" CONFIG=Debug -j8" in directory "E:\项目\校队\0423倒立摆\inverted_pendulum\ebox_stm32f103RCT6_VS\ebox_stm32f103RCT6_VS" on local computer
  C:/Keil_v5/ARM/ARMCC/bin/armcc.exe -g -O0    --cpu Cortex-M3 --apcs=interwork -Imcu\stm32f10x\libraries\CMSIS\CM3\CoreSupport -Imcu\stm32f10x\libraries\STM32F10x_StdPeriph_Driver\inc -Imcu\stm32f10x\libraries\CMSIS\CM3\DeviceSupport\ST\STM32F10x -Imcu\stm32f10x\ebox -Imcu\stm32f10x\ebox\core -Imcu\stm32f10x\ebox\Peripherals -Icommon\util -Icommon\edriver -Icommon\network -Icommon\fat -Icommon\edriver\WiFi -Iuser -Icommon\cJSON -Icommon\edriver\SFUD\sfud\inc -Icommon\edriver\SFUD\ebox -Icommon\bigiot -Icommon\usb_device_stack\USBDevice -Icommon\usb_device_stack\USBHID -Icommon\gui -Icommon\FreeModbus\modbus\ascii -Icommon\FreeModbus\modbus\include -Icommon\FreeModbus\modbus\rtu -Icommon\FreeModbus\modbus\tcp -Icommon\FreeModbus\port -IProject\stm32f10x\mdk\RTE -IC:\Keil_v5\ARM\PACK\Keil\STM32F1xx_DFP\1.0.5\Device\Include -Ios\FreeRTOS\Source\include -Ios\FreeRTOS\Source\portable\RVDS\ARM_CM3 -IC:/Keil_v5/ARM/CMSIS/Include -Imcu/stm32f10x/libraries/CMSIS/CM3/CoreSupport -Imcu/stm32f10x/libraries/STM32F10x_StdPeriph_Driver/inc -Imcu/stm32f10x/libraries/CMSIS/CM3/DeviceSupport/ST/STM32F10x -Imcu/stm32f10x/ebox -Imcu/stm32f10x/ebox/core -Imcu/stm32f10x/ebox/Peripherals -Icommon/util -Icommon/edriver -Icommon/network -Icommon/fat -Icommon/edriver/WiFi -Iuser -Icommon/cJSON -Icommon/edriver/SFUD/sfud/inc -Icommon/edriver/SFUD/ebox -Icommon/bigiot -Icommon/usb_device_stack/USBDevice -Icommon/usb_device_stack/USBHID -Icommon/gui -Icommon/FreeModbus/modbus/ascii -Icommon/FreeModbus/modbus/include -Icommon/FreeModbus/modbus/rtu -Icommon/FreeModbus/modbus/tcp -Icommon/FreeModbus/port -IProject/stm32f10x/mdk/RTE -IC:/Keil_v5/ARM/PACK/Keil/STM32F1xx_DFP/1.0.5/Device/Include -Ios/FreeRTOS/Source/include -Ios/FreeRTOS/Source/portable/RVDS/ARM_CM3 -IC:/Keil_v5/ARM/CMSIS/Include -DDEBUG=1 -D__UVISION_VERSION="514" -DSTM32F10X_MD  -c common/util/fsm.cpp -o Debug/fsm.o --depend Debug/fsm.dep
"common/util/fsm.h", line 93 : warning : #1299-D: members and base-classes will be initialized in declaration order, not in member initialisation list order
    		_entry(entry),
    		^
"common/util/fsm.h", line 105 : warning : #1299-D: members and base-classes will be initialized in declaration order, not in member initialisation list order
    		_entry(classPointer, entry),
    		^
"common/util/fsm.h", line 138 : warning : #1299-D: members and base-classes will be initialized in declaration order, not in member initialisation list order
    		_entry(classPointer, entry),
    		^
  common/util/fsm.cpp: 3 warnings, 0 errors
  C:/Keil_v5/ARM/ARMCC/bin/armcc.exe -g -O0    --cpu Cortex-M3 --apcs=interwork -Imcu\stm32f10x\libraries\CMSIS\CM3\CoreSupport -Imcu\stm32f10x\libraries\STM32F10x_StdPeriph_Driver\inc -Imcu\stm32f10x\libraries\CMSIS\CM3\DeviceSupport\ST\STM32F10x -Imcu\stm32f10x\ebox -Imcu\stm32f10x\ebox\core -Imcu\stm32f10x\ebox\Peripherals -Icommon\util -Icommon\edriver -Icommon\network -Icommon\fat -Icommon\edriver\WiFi -Iuser -Icommon\cJSON -Icommon\edriver\SFUD\sfud\inc -Icommon\edriver\SFUD\ebox -Icommon\bigiot -Icommon\usb_device_stack\USBDevice -Icommon\usb_device_stack\USBHID -Icommon\gui -Icommon\FreeModbus\modbus\ascii -Icommon\FreeModbus\modbus\include -Icommon\FreeModbus\modbus\rtu -Icommon\FreeModbus\modbus\tcp -Icommon\FreeModbus\port -IProject\stm32f10x\mdk\RTE -IC:\Keil_v5\ARM\PACK\Keil\STM32F1xx_DFP\1.0.5\Device\Include -Ios\FreeRTOS\Source\include -Ios\FreeRTOS\Source\portable\RVDS\ARM_CM3 -IC:/Keil_v5/ARM/CMSIS/Include -Imcu/stm32f10x/libraries/CMSIS/CM3/CoreSupport -Imcu/stm32f10x/libraries/STM32F10x_StdPeriph_Driver/inc -Imcu/stm32f10x/libraries/CMSIS/CM3/DeviceSupport/ST/STM32F10x -Imcu/stm32f10x/ebox -Imcu/stm32f10x/ebox/core -Imcu/stm32f10x/ebox/Peripherals -Icommon/util -Icommon/edriver -Icommon/network -Icommon/fat -Icommon/edriver/WiFi -Iuser -Icommon/cJSON -Icommon/edriver/SFUD/sfud/inc -Icommon/edriver/SFUD/ebox -Icommon/bigiot -Icommon/usb_device_stack/USBDevice -Icommon/usb_device_stack/USBHID -Icommon/gui -Icommon/FreeModbus/modbus/ascii -Icommon/FreeModbus/modbus/include -Icommon/FreeModbus/modbus/rtu -Icommon/FreeModbus/modbus/tcp -Icommon/FreeModbus/port -IProject/stm32f10x/mdk/RTE -IC:/Keil_v5/ARM/PACK/Keil/STM32F1xx_DFP/1.0.5/Device/Include -Ios/FreeRTOS/Source/include -Ios/FreeRTOS/Source/portable/RVDS/ARM_CM3 -IC:/Keil_v5/ARM/CMSIS/Include -DDEBUG=1 -D__UVISION_VERSION="514" -DSTM32F10X_MD  -c user/inverted_pendulum.cpp -o Debug/inverted_pendulum.o --depend Debug/inverted_pendulum.dep
"common\edriver\tb6612fng.h", line 33 : warning : #1-D: last line of file ends without a newline
    #endif
          ^
"common\util\fsm.h", line 93 : warning : #1299-D: members and base-classes will be initialized in declaration order, not in member initialisation list order
    		_entry(entry),
    		^
"common\util\fsm.h", line 105 : warning : #1299-D: members and base-classes will be initialized in declaration order, not in member initialisation list order
    		_entry(classPointer, entry),
    		^
"common\util\fsm.h", line 138 : warning : #1299-D: members and base-classes will be initialized in declaration order, not in member initialisation list order
    		_entry(classPointer, entry),
    		^
"user/inverted_pendulum.h", line 10 : warning : #47-D: incompatible redefinition of macro "PI" (declared at line 61 of "mcu\stm32f10x\ebox\ebox_common.h")
    #define PI		3.14159265358979323846
            ^
"user/inverted_pendulum.h", line 183 : warning : #1-D: last line of file ends without a newline
    #endif
          ^
"common\edriver\tb6612fng.h", line 33 : warning : #1-D: last line of file ends without a newline
    #endif
          ^
"user/inverted_pendulum.cpp", line 231 : warning : #1299-D: members and base-classes will be initialized in declaration order, not in member initialisation list order
    	refreshInt(refreshInterval),
    	^
"user/inverted_pendulum.cpp", line 232 : warning : #1299-D: members and base-classes will be initialized in declaration order, not in member initialisation list order
    	enRadThres(PI / 3),
    	^
"user/inverted_pendulum.cpp", line 233 : warning : #1299-D: members and base-classes will be initialized in declaration order, not in member initialisation list order
    	mode(Inverted_Pendulum_Mode_Disabled),
    	^
"user/inverted_pendulum.cpp", line 234 : warning : #1299-D: members and base-classes will be initialized in declaration order, not in member initialisation list order
    	targetBeamPalstance(0),
    	^
"user/inverted_pendulum.cpp", line 235 : warning : #1299-D: members and base-classes will be initialized in declaration order, not in member initialisation list order
    	targetBeamRadian(0),
    	^
  C:/Keil_v5/ARM/ARMCC/bin/armcc.exe -g -O0    --cpu Cortex-M3 --apcs=interwork -Imcu\stm32f10x\libraries\CMSIS\CM3\CoreSupport -Imcu\stm32f10x\libraries\STM32F10x_StdPeriph_Driver\inc -Imcu\stm32f10x\libraries\CMSIS\CM3\DeviceSupport\ST\STM32F10x -Imcu\stm32f10x\ebox -Imcu\stm32f10x\ebox\core -Imcu\stm32f10x\ebox\Peripherals -Icommon\util -Icommon\edriver -Icommon\network -Icommon\fat -Icommon\edriver\WiFi -Iuser -Icommon\cJSON -Icommon\edriver\SFUD\sfud\inc -Icommon\edriver\SFUD\ebox -Icommon\bigiot -Icommon\usb_device_stack\USBDevice -Icommon\usb_device_stack\USBHID -Icommon\gui -Icommon\FreeModbus\modbus\ascii -Icommon\FreeModbus\modbus\include -Icommon\FreeModbus\modbus\rtu -Icommon\FreeModbus\modbus\tcp -Icommon\FreeModbus\port -IProject\stm32f10x\mdk\RTE -IC:\Keil_v5\ARM\PACK\Keil\STM32F1xx_DFP\1.0.5\Device\Include -Ios\FreeRTOS\Source\include -Ios\FreeRTOS\Source\portable\RVDS\ARM_CM3 -IC:/Keil_v5/ARM/CMSIS/Include -Imcu/stm32f10x/libraries/CMSIS/CM3/CoreSupport -Imcu/stm32f10x/libraries/STM32F10x_StdPeriph_Driver/inc -Imcu/stm32f10x/libraries/CMSIS/CM3/DeviceSupport/ST/STM32F10x -Imcu/stm32f10x/ebox -Imcu/stm32f10x/ebox/core -Imcu/stm32f10x/ebox/Peripherals -Icommon/util -Icommon/edriver -Icommon/network -Icommon/fat -Icommon/edriver/WiFi -Iuser -Icommon/cJSON -Icommon/edriver/SFUD/sfud/inc -Icommon/edriver/SFUD/ebox -Icommon/bigiot -Icommon/usb_device_stack/USBDevice -Icommon/usb_device_stack/USBHID -Icommon/gui -Icommon/FreeModbus/modbus/ascii -Icommon/FreeModbus/modbus/include -Icommon/FreeModbus/modbus/rtu -Icommon/FreeModbus/modbus/tcp -Icommon/FreeModbus/port -IProject/stm32f10x/mdk/RTE -IC:/Keil_v5/ARM/PACK/Keil/STM32F1xx_DFP/1.0.5/Device/Include -Ios/FreeRTOS/Source/include -Ios/FreeRTOS/Source/portable/RVDS/ARM_CM3 -IC:/Keil_v5/ARM/CMSIS/Include -DDEBUG=1 -D__UVISION_VERSION="514" -DSTM32F10X_MD  -c user/main.cpp -o Debug/main.o --depend Debug/main.dep
"user/inverted_pendulum.cpp", line 237 : warning : #1299-D: members and base-classes will be initialized in declaration order, not in member initialisation list order
    	fsm(&stateDisabled),
    	^
"user/inverted_pendulum.cpp", line 239 : warning : #1299-D: members and base-classes will be initialized in declaration order, not in member initialisation list order
    	transDisabledToSwingBegin(this, &InvertedPendulum::conditionDisabledToSwingBegin, &stateSwingBegin),
    	^
"user/inverted_pendulum.cpp", line 240 : warning : #1299-D: members and base-classes will be initialized in declaration order, not in member initialisation list order
    	transDisabledToInvert(this, &InvertedPendulum::conditionDisabledToInvert, &stateInvert),
    	^
"user/inverted_pendulum.cpp", line 241 : warning : #1299-D: members and base-classes will be initialized in declaration order, not in member initialisation list order
    	transDisabledToRound(this, &InvertedPendulum::conditionDisabledToRound, &stateRound),
    	^
"user/inverted_pendulum.cpp", line 242 : warning : #1299-D: members and base-classes will be initialized in declaration order, not in member initialisation list order
    	stateDisabled(this, &InvertedPendulum::workDisabled, NULL, NULL),
    	^
"common\util\fsm.h", line 93 : warning : #1299-D: members and base-classes will be initialized in declaration order, not in member initialisation list order
    		_entry(entry),
    		^
"common\util\fsm.h", line 105 : warning : #1299-D: members and base-classes will be initialized in declaration order, not in member initialisation list order
    		_entry(classPointer, entry),
    		^
"common\util\fsm.h", line 138 : warning : #1299-D: members and base-classes will be initialized in declaration order, not in member initialisation list order
    		_entry(classPointer, entry),
    		^
"user/inverted_pendulum.cpp", line 244 : warning : #1299-D: members and base-classes will be initialized in declaration order, not in member initialisation list order
    	transSwingBeginToSwing(this, &InvertedPendulum::conditionSwingBeginToSwing, &stateSwing),
    	^
"user/inverted_pendulum.cpp", line 245 : warning : #1299-D: members and base-classes will be initialized in declaration order, not in member initialisation list order
    	transSwingBeginToDisabled(this, &InvertedPendulum::conditionSwingToDisabled, &stateDisabled),
    	^
"user/inverted_pendulum.cpp", line 246 : warning : #1299-D: members and base-classes will be initialized in declaration order, not in member initialisation list order
    	stateSwingBegin(this, &InvertedPendulum::workSwingBegin, NULL, NULL),
    	^
"user/inverted_pendulum.cpp", line 248 : warning : #1299-D: members and base-classes will be initialized in declaration order, not in member initialisation list order
    	transInvertToDisabled(this, &InvertedPendulum::conditionInvertToDisabled, &stateDisabled),
    	^
"user/inverted_pendulum.cpp", line 249 : warning : #1299-D: members and base-classes will be initialized in declaration order, not in member initialisation list order
    	transInvertToRound(this, &InvertedPendulum::conditionInvertToRound, &stateRound),
    	^
"user/inverted_pendulum.h", line 10 : warning : #47-D: incompatible redefinition of macro "PI" (declared at line 61 of "mcu\stm32f10x\ebox\ebox_common.h")
    #define PI		3.14159265358979323846
            ^
"user/inverted_pendulum.cpp", line 250 : warning : #1299-D: members and base-classes will be initialized in declaration order, not in member initialisation list order
    	transInvertToSwing(this, &InvertedPendulum::conditionInvertToSwing, &stateSwing),
    	^
"user/inverted_pendulum.cpp", line 251 : warning : #1299-D: members and base-classes will be initialized in declaration order, not in member initialisation list order
    	stateInvert(this, &InvertedPendulum::workInvert, &InvertedPendulum::entryInvert, NULL),
    	^
"user/inverted_pendulum.cpp", line 253 : warning : #1299-D: members and base-classes will be initialized in declaration order, not in member initialisation list order
    	transRoundToInvert(this, &InvertedPendulum::conditionRoundToInvert, &stateInvert),
    	^
"user/inverted_pendulum.h", line 183 : warning : #1-D: last line of file ends without a newline
    #endif
          ^
"user/inverted_pendulum.cpp", line 254 : warning : #1299-D: members and base-classes will be initialized in declaration order, not in member initialisation list order
    	transRoundToDisabled(this, &InvertedPendulum::conditionRoundToDisabled, &stateDisabled),
    	^
"user/inverted_pendulum.cpp", line 255 : warning : #1299-D: members and base-classes will be initialized in declaration order, not in member initialisation list order
    	stateRound(this, &InvertedPendulum::workRound, &InvertedPendulum::entryRound, NULL),
    	^
"user/inverted_pendulum.cpp", line 257 : warning : #1299-D: members and base-classes will be initialized in declaration order, not in member initialisation list order
    	transSwingToDisabled(this, &InvertedPendulum::conditionSwingToDisabled, &stateDisabled),
    	^
"user/inverted_pendulum.cpp", line 258 : warning : #1299-D: members and base-classes will be initialized in declaration order, not in member initialisation list order
    	transSwingToSwingBegin(this, &InvertedPendulum::conditionSwingToSwingBegin, &stateSwingBegin),
    	^
"user/inverted_pendulum.cpp", line 259 : warning : #1299-D: members and base-classes will be initialized in declaration order, not in member initialisation list order
    	transSwingToInvert(this, &InvertedPendulum::conditionSwingToInvert, &stateInvert),
    	^
"user/inverted_pendulum.cpp", line 260 : warning : #1299-D: members and base-classes will be initialized in declaration order, not in member initialisation list order
    	stateSwing(this, &InvertedPendulum::workSwing, NULL, NULL)
    	^
  user/main.cpp: 6 warnings, 0 errors
  user/inverted_pendulum.cpp: 30 warnings, 0 errors
  Program Size: Code=45162 RO-data=906 RW-data=456 ZI-data=15776  
  C:/Keil_v5/ARM/ARMCC/bin/armlink.exe -o Debug/ebox_stm32f103RCT6_VS.axf   --cpu Cortex-M3 --ro-base 0x08000000 --entry 0x08000000 --rw-base 0x20000000 --entry Reset_Handler --first __Vectors --strict --summary_stderr --info summarysizes --map --xref --callgraph --symbols --info sizes --info totals --info unused --info veneers --list "Debug/ebox.map"   --cpu Cortex-M3 --apcs=interwork    Debug/startup_stm32f10x_md.o Debug/74HC595.o Debug/at24c02.o Debug/at45db.o Debug/Button.o Debug/colorled.o Debug/dht11.o Debug/ds18b20.o Debug/DS3231.o Debug/encoder.o Debug/encoder_exti.o Debug/encoder_motor.o Debug/encoder_timer.o Debug/fm25v.o Debug/FT800.o Debug/GP2Y1051.o Debug/ir_decoder.o Debug/ir_encoder.o Debug/key_dm.o Debug/L3G4200D.o Debug/LCD1602.o Debug/lcd_1.8.o Debug/LED.o Debug/led_segment.o Debug/lsm303dhlc.o Debug/LTC1446.o Debug/Max7456.o Debug/mmc_sd.o Debug/MPU6050.o Debug/Nokia5110.o Debug/NRF24L01.o Debug/OLED.o Debug/OLED_ssd1306.o Debug/parallel_gpio.o Debug/PID.o Debug/si4432.o Debug/tb6612fng.o Debug/TM1638.o Debug/ultrasonic_wave.o Debug/w25x16.o Debug/w5500.o Debug/ws2812.o Debug/mb.o Debug/mbascii.o Debug/mbfunccoils.o Debug/mbfuncdiag.o Debug/mbfuncdisc.o Debug/mbfuncholding.o Debug/mbfuncinput.o Debug/mbfuncother.o Debug/mbutils.o Debug/mbcrc.o Debug/mbrtu.o Debug/mbtcp.o Debug/FreeModbus.o Debug/portevent.o Debug/portserial.o Debug/porttimer.o Debug/Font16_ASCII.o Debug/Font16_HZ.o Debug/Font32_ASCII.o Debug/Font8_ASCII.o Debug/gui.o Debug/lcd_port.o Debug/dhcp.o Debug/dns.o Debug/socket.o Debug/tcp.o Debug/udp.o Debug/calendar.o Debug/color_convert.o Debug/crc.o Debug/dtostrf.o Debug/ebox_mem.o Debug/fsm.o Debug/heap.o Debug/itoa.o Debug/print.o Debug/ringbuf.o Debug/util.o Debug/WString.o Debug/ebox_can.o Debug/object.o Debug/core_cm3.o Debug/system_stm32f10x.o Debug/misc.o Debug/stm32f10x_adc.o Debug/stm32f10x_bkp.o Debug/stm32f10x_can.o Debug/stm32f10x_cec.o Debug/stm32f10x_crc.o Debug/stm32f10x_dac.o Debug/stm32f10x_dbgmcu.o Debug/stm32f10x_dma.o Debug/stm32f10x_exti.o Debug/stm32f10x_flash.o Debug/stm32f10x_fsmc.o Debug/stm32f10x_gpio.o Debug/stm32f10x_i2c.o Debug/stm32f10x_iwdg.o Debug/stm32f10x_pwr.o Debug/stm32f10x_rcc.o Debug/stm32f10x_rtc.o Debug/stm32f10x_sdio.o Debug/stm32f10x_spi.o Debug/stm32f10x_tim.o Debug/stm32f10x_usart.o Debug/stm32f10x_wwdg.o Debug/croutine.o Debug/event_groups.o Debug/list.o Debug/queue.o Debug/tasks.o Debug/timers.o Debug/heap_4.o Debug/port.o Debug/bsp.o Debug/inverted_pendulum.o Debug/main.o \
          mcu\stm32f10x\ebox\ebox.lib  
  C:/Keil_v5/ARM/ARMCC/bin/fromelf.exe --bin --output Debug/ebox_stm32f103RCT6_VS.bin Debug/ebox_stm32f103RCT6_VS.axf
  C:\SysGCC\arm-eabi/bin/arm-eabi-objcopy.exe --remove-section ER_RO \
          --add-section ER_RO=Debug/ebox_stm32f103RCT6_VS.bin \
          --set-section-flags \
          ER_RO=CONTENTS,ALLOC,LOAD,READONLY,CODE \
          --change-section-address ER_RO=0x08000000 \
          Debug/ebox_stm32f103RCT6_VS.axf Debug/ebox_stm32f103RCT6_VS.elf
  C:\SysGCC\arm-eabi/bin/arm-eabi-objcopy.exe: Debug/ebox_stm32f103RCT6_VS.axf: warning: Empty loadable segment detected, is this intentional ?
  C:\SysGCC\arm-eabi/bin/arm-eabi-objcopy.exe: Debug/ebox_stm32f103RCT6_VS.elf: warning: allocated section `ER_RW' not in segment
  C:\SysGCC\arm-eabi/bin/arm-eabi-objcopy.exe: Debug/ebox_stm32f103RCT6_VS.elf: warning: allocated section `ER_RO' not in segment
  ------------------- Memory utilization report -------------------
  Used FLASH: 45KB
  Used RAM: 15KB
